# JRE version: OpenJDK Runtime Environment (21.0.6) (build 21.0.6+-13391695-b895.109)
# Java VM: OpenJDK 64-Bit Server VM (21.0.6+-13391695-b895.109, mixed mode, tiered, compressed oops, compressed class ptrs, g1 gc, windows-amd64)
GC Precious Log:
 CardTable entry size: 512
 Card Set container configuration: InlinePtr #cards 5 size 8 Array Of Cards #cards 12 size 40 Howl #buckets 4 coarsen threshold 1843 Howl Bitmap #cards 512 size 80 coarsen threshold 460 Card regions per heap region 1 cards per card region 2048
 CPUs: 4 total, 4 available
 Memory: 6059M
 Large Page Support: Disabled
 NUMA Support: Disabled
 Compressed Oops: Enabled (32-bit)
 Heap Region Size: 1M
 Heap Min Capacity: 8M
 Heap Initial Capacity: 96M
 Heap Max Capacity: 2G
 Pre-touch: Disabled
 Parallel Workers: 4
 Concurrent Workers: 1
 Concurrent Refinement Workers: 4
 Periodic GC: Disabled
Heap:
 garbage-first heap   total 358400K, used 116553K [0x0000000080000000, 0x0000000100000000)
  region size 1024K, 5 young (5120K), 3 survivors (3072K)
 Metaspace       used 163469K, committed 165888K, reserved 1245184K
  class space    used 21244K, committed 22272K, reserved 1048576K
GC Heap History (20 events):
Event: 7645.626 GC heap before
{Heap before GC invocations=96 (full 0):
 garbage-first heap   total 1186816K, used 692736K [0x0000000080000000, 0x0000000100000000)
  region size 1024K, 127 young (130048K), 20 survivors (20480K)
 Metaspace       used 162141K, committed 163392K, reserved 1245184K
  class space    used 21096K, committed 21696K, reserved 1048576K
}
Event: 7645.689 GC heap after
{Heap after GC invocations=97 (full 0):
 garbage-first heap   total 1186816K, used 585321K [0x0000000080000000, 0x0000000100000000)
  region size 1024K, 5 young (5120K), 5 survivors (5120K)
 Metaspace       used 162141K, committed 163392K, reserved 1245184K
  class space    used 21096K, committed 21696K, reserved 1048576K
}
Event: 7651.589 GC heap before
{Heap before GC invocations=97 (full 0):
 garbage-first heap   total 1186816K, used 787049K [0x0000000080000000, 0x0000000100000000)
  region size 1024K, 175 young (179200K), 5 survivors (5120K)
 Metaspace       used 162154K, committed 163392K, reserved 1245184K
  class space    used 21097K, committed 21696K, reserved 1048576K
}
Event: 7651.645 GC heap after
{Heap after GC invocations=98 (full 0):
 garbage-first heap   total 1186816K, used 596249K [0x0000000080000000, 0x0000000100000000)
  region size 1024K, 11 young (11264K), 11 survivors (11264K)
 Metaspace       used 162154K, committed 163392K, reserved 1245184K
  class space    used 21097K, committed 21696K, reserved 1048576K
}
Event: 7652.276 GC heap before
{Heap before GC invocations=98 (full 0):
 garbage-first heap   total 1186816K, used 606489K [0x0000000080000000, 0x0000000100000000)
  region size 1024K, 23 young (23552K), 11 survivors (11264K)
 Metaspace       used 162165K, committed 163392K, reserved 1245184K
  class space    used 21098K, committed 21696K, reserved 1048576K
}
Event: 7652.322 GC heap after
{Heap after GC invocations=99 (full 0):
 garbage-first heap   total 1186816K, used 597222K [0x0000000080000000, 0x0000000100000000)
  region size 1024K, 4 young (4096K), 4 survivors (4096K)
 Metaspace       used 162165K, committed 163392K, reserved 1245184K
  class space    used 21098K, committed 21696K, reserved 1048576K
}
Event: 7666.320 GC heap before
{Heap before GC invocations=100 (full 0):
 garbage-first heap   total 1186816K, used 718054K [0x0000000080000000, 0x0000000100000000)
  region size 1024K, 114 young (116736K), 4 survivors (4096K)
 Metaspace       used 162251K, committed 163520K, reserved 1245184K
  class space    used 21103K, committed 21696K, reserved 1048576K
}
Event: 7666.362 GC heap after
{Heap after GC invocations=101 (full 0):
 garbage-first heap   total 1186816K, used 612819K [0x0000000080000000, 0x0000000100000000)
  region size 1024K, 10 young (10240K), 10 survivors (10240K)
 Metaspace       used 162251K, committed 163520K, reserved 1245184K
  class space    used 21103K, committed 21696K, reserved 1048576K
}
Event: 7689.378 GC heap before
{Heap before GC invocations=101 (full 0):
 garbage-first heap   total 1186816K, used 925139K [0x0000000080000000, 0x0000000100000000)
  region size 1024K, 316 young (323584K), 10 survivors (10240K)
 Metaspace       used 162262K, committed 163520K, reserved 1245184K
  class space    used 21103K, committed 21696K, reserved 1048576K
}
Event: 7689.474 GC heap after
{Heap after GC invocations=102 (full 0):
 garbage-first heap   total 1186816K, used 640705K [0x0000000080000000, 0x0000000100000000)
  region size 1024K, 40 young (40960K), 40 survivors (40960K)
 Metaspace       used 162262K, committed 163520K, reserved 1245184K
  class space    used 21103K, committed 21696K, reserved 1048576K
}
Event: 7694.968 GC heap before
{Heap before GC invocations=102 (full 0):
 garbage-first heap   total 1186816K, used 1045185K [0x0000000080000000, 0x0000000100000000)
  region size 1024K, 329 young (336896K), 40 survivors (40960K)
 Metaspace       used 162287K, committed 163520K, reserved 1245184K
  class space    used 21103K, committed 21696K, reserved 1048576K
}
Event: 7695.073 GC heap after
{Heap after GC invocations=103 (full 0):
 garbage-first heap   total 1186816K, used 748224K [0x0000000080000000, 0x0000000100000000)
  region size 1024K, 38 young (38912K), 38 survivors (38912K)
 Metaspace       used 162287K, committed 163520K, reserved 1245184K
  class space    used 21103K, committed 21696K, reserved 1048576K
}
Event: 8376.037 GC heap before
{Heap before GC invocations=103 (full 0):
 garbage-first heap   total 1186816K, used 1123008K [0x0000000080000000, 0x0000000100000000)
  region size 1024K, 335 young (343040K), 38 survivors (38912K)
 Metaspace       used 163336K, committed 164864K, reserved 1245184K
  class space    used 21320K, committed 22080K, reserved 1048576K
}
Event: 8376.761 GC heap after
{Heap after GC invocations=104 (full 0):
 garbage-first heap   total 1186816K, used 688512K [0x0000000080000000, 0x0000000100000000)
  region size 1024K, 7 young (7168K), 7 survivors (7168K)
 Metaspace       used 163336K, committed 164864K, reserved 1245184K
  class space    used 21320K, committed 22080K, reserved 1048576K
}
Event: 11196.307 GC heap before
{Heap before GC invocations=104 (full 0):
 garbage-first heap   total 1186816K, used 856448K [0x0000000080000000, 0x0000000100000000)
  region size 1024K, 172 young (176128K), 7 survivors (7168K)
 Metaspace       used 163852K, committed 165568K, reserved 1245184K
  class space    used 21382K, committed 22208K, reserved 1048576K
}
Event: 11196.846 GC heap after
{Heap after GC invocations=105 (full 0):
 garbage-first heap   total 1186816K, used 687616K [0x0000000080000000, 0x0000000100000000)
  region size 1024K, 6 young (6144K), 6 survivors (6144K)
 Metaspace       used 163852K, committed 165568K, reserved 1245184K
  class space    used 21382K, committed 22208K, reserved 1048576K
}
Event: 11257.224 GC heap before
{Heap before GC invocations=105 (full 0):
 garbage-first heap   total 1186816K, used 842240K [0x0000000080000000, 0x0000000100000000)
  region size 1024K, 158 young (161792K), 6 survivors (6144K)
 Metaspace       used 164102K, committed 165888K, reserved 1245184K
  class space    used 21389K, committed 22272K, reserved 1048576K
}
Event: 11264.189 GC heap after
{Heap after GC invocations=106 (full 1):
 garbage-first heap   total 358400K, used 105480K [0x0000000080000000, 0x0000000100000000)
  region size 1024K, 0 young (0K), 0 survivors (0K)
 Metaspace       used 163332K, committed 165888K, reserved 1245184K
  class space    used 21218K, committed 22272K, reserved 1048576K
}
Event: 11389.584 GC heap before
{Heap before GC invocations=106 (full 1):
 garbage-first heap   total 358400K, used 116744K [0x0000000080000000, 0x0000000100000000)
  region size 1024K, 13 young (13312K), 0 survivors (0K)
 Metaspace       used 163432K, committed 165888K, reserved 1245184K
  class space    used 21237K, committed 22272K, reserved 1048576K
}
Event: 11389.680 GC heap after
{Heap after GC invocations=107 (full 1):
 garbage-first heap   total 358400K, used 108361K [0x0000000080000000, 0x0000000100000000)
  region size 1024K, 3 young (3072K), 3 survivors (3072K)
 Metaspace       used 163432K, committed 165888K, reserved 1245184K
  class space    used 21237K, committed 22272K, reserved 1048576K
}

